rake aborted!
StandardError: An error has occurred, this and all later migrations canceled:

PG::UndefinedTable: ERROR:  relation "pages" does not exist
LINE 5:                WHERE a.attrelid = '"pages"'::regclass
                                          ^
:               SELECT a.attname, format_type(a.atttypid, a.atttypmod),
                     pg_get_expr(d.adbin, d.adrelid), a.attnotnull, a.atttypid, a.atttypmod
                FROM pg_attribute a LEFT JOIN pg_attrdef d
                  ON a.attrelid = d.adrelid AND a.attnum = d.adnum
               WHERE a.attrelid = '"pages"'::regclass
                 AND a.attnum > 0 AND NOT a.attisdropped
               ORDER BY a.attnum
/Users/the-teacher/.rvm/gems/ruby-2.4.2@eastflower.ru/gems/activerecord-4.2.10/lib/active_record/connection_adapters/postgresql_adapter.rb:592:in `async_exec'
/Users/the-teacher/.rvm/gems/ruby-2.4.2@eastflower.ru/gems/activerecord-4.2.10/lib/active_record/connection_adapters/postgresql_adapter.rb:592:in `block in exec_no_cache'
/Users/the-teacher/.rvm/gems/ruby-2.4.2@eastflower.ru/gems/activerecord-4.2.10/lib/active_record/connection_adapters/abstract_adapter.rb:484:in `block in log'
/Users/the-teacher/.rvm/gems/ruby-2.4.2@eastflower.ru/gems/activesupport-4.2.10/lib/active_support/notifications/instrumenter.rb:20:in `instrument'
/Users/the-teacher/.rvm/gems/ruby-2.4.2@eastflower.ru/gems/activerecord-4.2.10/lib/active_record/connection_adapters/abstract_adapter.rb:478:in `log'
/Users/the-teacher/.rvm/gems/ruby-2.4.2@eastflower.ru/gems/activerecord-4.2.10/lib/active_record/connection_adapters/postgresql_adapter.rb:592:in `exec_no_cache'
/Users/the-teacher/.rvm/gems/ruby-2.4.2@eastflower.ru/gems/activerecord-4.2.10/lib/active_record/connection_adapters/postgresql_adapter.rb:584:in `execute_and_clear'
/Users/the-teacher/.rvm/gems/ruby-2.4.2@eastflower.ru/gems/activerecord-4.2.10/lib/active_record/connection_adapters/postgresql/database_statements.rb:160:in `exec_query'
/Users/the-teacher/.rvm/gems/ruby-2.4.2@eastflower.ru/gems/activerecord-4.2.10/lib/active_record/connection_adapters/postgresql_adapter.rb:733:in `column_definitions'
/Users/the-teacher/.rvm/gems/ruby-2.4.2@eastflower.ru/gems/activerecord-4.2.10/lib/active_record/connection_adapters/postgresql/schema_statements.rb:197:in `columns'
/Users/the-teacher/.rvm/gems/ruby-2.4.2@eastflower.ru/gems/activerecord-4.2.10/lib/active_record/connection_adapters/schema_cache.rb:43:in `columns'
/Users/the-teacher/.rvm/gems/ruby-2.4.2@eastflower.ru/gems/activerecord-4.2.10/lib/active_record/attributes.rb:93:in `columns'
/Users/the-teacher/.rvm/gems/ruby-2.4.2@eastflower.ru/gems/activerecord-4.2.10/lib/active_record/model_schema.rb:260:in `column_names'
/Users/the-teacher/.rvm/gems/ruby-2.4.2@eastflower.ru/gems/thinking-sphinx-3.4.2/lib/thinking_sphinx/active_record/sql_source/template.rb:43:in `inheriting?'
/Users/the-teacher/.rvm/gems/ruby-2.4.2@eastflower.ru/gems/thinking-sphinx-3.4.2/lib/thinking_sphinx/active_record/sql_source/template.rb:33:in `class_column'
/Users/the-teacher/.rvm/gems/ruby-2.4.2@eastflower.ru/gems/thinking-sphinx-3.4.2/lib/thinking_sphinx/active_record/sql_source/template.rb:9:in `apply'
/Users/the-teacher/.rvm/gems/ruby-2.4.2@eastflower.ru/gems/thinking-sphinx-3.4.2/lib/thinking_sphinx/active_record/sql_source.rb:27:in `initialize'
/Users/the-teacher/.rvm/gems/ruby-2.4.2@eastflower.ru/gems/thinking-sphinx-3.4.2/lib/thinking_sphinx/active_record/index.rb:8:in `new'
/Users/the-teacher/.rvm/gems/ruby-2.4.2@eastflower.ru/gems/thinking-sphinx-3.4.2/lib/thinking_sphinx/active_record/index.rb:8:in `append_source'
/Users/the-teacher/.rvm/gems/ruby-2.4.2@eastflower.ru/gems/thinking-sphinx-3.4.2/lib/thinking_sphinx/active_record/interpreter.rb:64:in `__source'
/Users/the-teacher/.rvm/gems/ruby-2.4.2@eastflower.ru/gems/thinking-sphinx-3.4.2/lib/thinking_sphinx/active_record/interpreter.rb:20:in `indexes'
/Volumes/Data/my/eastflower-2018/eastflower_ru/X_GEMS/RAILS_BLOG/app/indices/page_index.rb:2:in `block in <top (required)>'
/Users/the-teacher/.rvm/gems/ruby-2.4.2@eastflower.ru/gems/thinking-sphinx-3.4.2/lib/thinking_sphinx/core/interpreter.rb:3:in `translate!'
/Users/the-teacher/.rvm/gems/ruby-2.4.2@eastflower.ru/gems/thinking-sphinx-3.4.2/lib/thinking_sphinx/core/index.rb:44:in `interpret_definition!'
/Users/the-teacher/.rvm/gems/ruby-2.4.2@eastflower.ru/gems/thinking-sphinx-3.4.2/lib/thinking_sphinx/active_record/index.rb:36:in `sources'
/Users/the-teacher/.rvm/gems/ruby-2.4.2@eastflower.ru/gems/thinking-sphinx-3.4.2/lib/thinking_sphinx/configuration/consistent_ids.rb:31:in `collect'
/Users/the-teacher/.rvm/gems/ruby-2.4.2@eastflower.ru/gems/thinking-sphinx-3.4.2/lib/thinking_sphinx/configuration/consistent_ids.rb:31:in `sources'
/Users/the-teacher/.rvm/gems/ruby-2.4.2@eastflower.ru/gems/thinking-sphinx-3.4.2/lib/thinking_sphinx/configuration/consistent_ids.rb:19:in `attributes'
/Users/the-teacher/.rvm/gems/ruby-2.4.2@eastflower.ru/gems/thinking-sphinx-3.4.2/lib/thinking_sphinx/configuration/consistent_ids.rb:23:in `sphinx_internal_ids'
/Users/the-teacher/.rvm/gems/ruby-2.4.2@eastflower.ru/gems/thinking-sphinx-3.4.2/lib/thinking_sphinx/configuration/consistent_ids.rb:7:in `reconcile'
/Users/the-teacher/.rvm/gems/ruby-2.4.2@eastflower.ru/gems/thinking-sphinx-3.4.2/lib/thinking_sphinx/configuration.rb:174:in `normalise'
/Users/the-teacher/.rvm/gems/ruby-2.4.2@eastflower.ru/gems/thinking-sphinx-3.4.2/lib/thinking_sphinx/configuration.rb:87:in `block in preload_indices'
/Users/the-teacher/.rvm/gems/ruby-2.4.2@eastflower.ru/gems/thinking-sphinx-3.4.2/lib/thinking_sphinx/configuration.rb:78:in `synchronize'
/Users/the-teacher/.rvm/gems/ruby-2.4.2@eastflower.ru/gems/thinking-sphinx-3.4.2/lib/thinking_sphinx/configuration.rb:78:in `preload_indices'
/Users/the-teacher/.rvm/gems/ruby-2.4.2@eastflower.ru/gems/thinking-sphinx-3.4.2/lib/thinking_sphinx/index_set.rb:30:in `all_indices'
/Users/the-teacher/.rvm/gems/ruby-2.4.2@eastflower.ru/gems/thinking-sphinx-3.4.2/lib/thinking_sphinx/index_set.rb:66:in `indices_for_references'
/Users/the-teacher/.rvm/gems/ruby-2.4.2@eastflower.ru/gems/thinking-sphinx-3.4.2/lib/thinking_sphinx/index_set.rb:61:in `indices'
/Users/the-teacher/.rvm/gems/ruby-2.4.2@eastflower.ru/gems/thinking-sphinx-3.4.2/lib/thinking_sphinx/index_set.rb:9:in `each'
/Users/the-teacher/.rvm/gems/ruby-2.4.2@eastflower.ru/gems/thinking-sphinx-3.4.2/lib/thinking_sphinx/active_record/callbacks/delta_callbacks.rb:36:in `select'
/Users/the-teacher/.rvm/gems/ruby-2.4.2@eastflower.ru/gems/thinking-sphinx-3.4.2/lib/thinking_sphinx/active_record/callbacks/delta_callbacks.rb:36:in `delta_indices'
/Users/the-teacher/.rvm/gems/ruby-2.4.2@eastflower.ru/gems/thinking-sphinx-3.4.2/lib/thinking_sphinx/active_record/callbacks/delta_callbacks.rb:40:in `delta_indices?'
/Users/the-teacher/.rvm/gems/ruby-2.4.2@eastflower.ru/gems/thinking-sphinx-3.4.2/lib/thinking_sphinx/active_record/callbacks/delta_callbacks.rb:19:in `before_save'
/Users/the-teacher/.rvm/gems/ruby-2.4.2@eastflower.ru/gems/thinking-sphinx-3.4.2/lib/thinking_sphinx/callbacks.rb:7:in `block (2 levels) in callbacks'
/Users/the-teacher/.rvm/gems/ruby-2.4.2@eastflower.ru/gems/activesupport-4.2.10/lib/active_support/callbacks.rb:455:in `public_send'
/Users/the-teacher/.rvm/gems/ruby-2.4.2@eastflower.ru/gems/activesupport-4.2.10/lib/active_support/callbacks.rb:455:in `block in make_lambda'
/Users/the-teacher/.rvm/gems/ruby-2.4.2@eastflower.ru/gems/activesupport-4.2.10/lib/active_support/callbacks.rb:164:in `block in halting'
/Users/the-teacher/.rvm/gems/ruby-2.4.2@eastflower.ru/gems/activesupport-4.2.10/lib/active_support/callbacks.rb:504:in `block in call'
/Users/the-teacher/.rvm/gems/ruby-2.4.2@eastflower.ru/gems/activesupport-4.2.10/lib/active_support/callbacks.rb:504:in `each'
/Users/the-teacher/.rvm/gems/ruby-2.4.2@eastflower.ru/gems/activesupport-4.2.10/lib/active_support/callbacks.rb:504:in `call'
/Users/the-teacher/.rvm/gems/ruby-2.4.2@eastflower.ru/gems/activesupport-4.2.10/lib/active_support/callbacks.rb:92:in `__run_callbacks__'
/Users/the-teacher/.rvm/gems/ruby-2.4.2@eastflower.ru/gems/activesupport-4.2.10/lib/active_support/callbacks.rb:778:in `_run_save_callbacks'
/Users/the-teacher/.rvm/gems/ruby-2.4.2@eastflower.ru/gems/activerecord-4.2.10/lib/active_record/callbacks.rb:302:in `create_or_update'
/Users/the-teacher/.rvm/gems/ruby-2.4.2@eastflower.ru/gems/activerecord-4.2.10/lib/active_record/persistence.rb:142:in `save!'
/Users/the-teacher/.rvm/gems/ruby-2.4.2@eastflower.ru/gems/activerecord-4.2.10/lib/active_record/validations.rb:43:in `save!'
/Users/the-teacher/.rvm/gems/ruby-2.4.2@eastflower.ru/gems/activerecord-4.2.10/lib/active_record/attribute_methods/dirty.rb:29:in `save!'
/Users/the-teacher/.rvm/gems/ruby-2.4.2@eastflower.ru/gems/activerecord-4.2.10/lib/active_record/transactions.rb:291:in `block in save!'
/Users/the-teacher/.rvm/gems/ruby-2.4.2@eastflower.ru/gems/activerecord-4.2.10/lib/active_record/transactions.rb:351:in `block in with_transaction_returning_status'
/Users/the-teacher/.rvm/gems/ruby-2.4.2@eastflower.ru/gems/activerecord-4.2.10/lib/active_record/connection_adapters/abstract/database_statements.rb:211:in `transaction'
/Users/the-teacher/.rvm/gems/ruby-2.4.2@eastflower.ru/gems/activerecord-4.2.10/lib/active_record/transactions.rb:220:in `transaction'
/Users/the-teacher/.rvm/gems/ruby-2.4.2@eastflower.ru/gems/activerecord-4.2.10/lib/active_record/transactions.rb:348:in `with_transaction_returning_status'
/Users/the-teacher/.rvm/gems/ruby-2.4.2@eastflower.ru/gems/activerecord-4.2.10/lib/active_record/transactions.rb:291:in `save!'
/Users/the-teacher/.rvm/gems/ruby-2.4.2@eastflower.ru/gems/activerecord-4.2.10/lib/active_record/persistence.rb:51:in `create!'
/Users/the-teacher/.rvm/gems/ruby-2.4.2@eastflower.ru/gems/activerecord-4.2.10/lib/active_record/migration.rb:1054:in `record_version_state_after_migrating'
/Users/the-teacher/.rvm/gems/ruby-2.4.2@eastflower.ru/gems/activerecord-4.2.10/lib/active_record/migration.rb:1024:in `block in execute_migration_in_transaction'
/Users/the-teacher/.rvm/gems/ruby-2.4.2@eastflower.ru/gems/activerecord-4.2.10/lib/active_record/migration.rb:1069:in `block in ddl_transaction'
/Users/the-teacher/.rvm/gems/ruby-2.4.2@eastflower.ru/gems/activerecord-4.2.10/lib/active_record/connection_adapters/abstract/database_statements.rb:213:in `block in transaction'
/Users/the-teacher/.rvm/gems/ruby-2.4.2@eastflower.ru/gems/activerecord-4.2.10/lib/active_record/connection_adapters/abstract/transaction.rb:184:in `within_new_transaction'
/Users/the-teacher/.rvm/gems/ruby-2.4.2@eastflower.ru/gems/activerecord-4.2.10/lib/active_record/connection_adapters/abstract/database_statements.rb:213:in `transaction'
/Users/the-teacher/.rvm/gems/ruby-2.4.2@eastflower.ru/gems/activerecord-4.2.10/lib/active_record/transactions.rb:220:in `transaction'
/Users/the-teacher/.rvm/gems/ruby-2.4.2@eastflower.ru/gems/activerecord-4.2.10/lib/active_record/migration.rb:1069:in `ddl_transaction'
/Users/the-teacher/.rvm/gems/ruby-2.4.2@eastflower.ru/gems/activerecord-4.2.10/lib/active_record/migration.rb:1022:in `execute_migration_in_transaction'
/Users/the-teacher/.rvm/gems/ruby-2.4.2@eastflower.ru/gems/activerecord-4.2.10/lib/active_record/migration.rb:984:in `block in migrate'
/Users/the-teacher/.rvm/gems/ruby-2.4.2@eastflower.ru/gems/activerecord-4.2.10/lib/active_record/migration.rb:980:in `each'
/Users/the-teacher/.rvm/gems/ruby-2.4.2@eastflower.ru/gems/activerecord-4.2.10/lib/active_record/migration.rb:980:in `migrate'
/Users/the-teacher/.rvm/gems/ruby-2.4.2@eastflower.ru/gems/activerecord-4.2.10/lib/active_record/migration.rb:823:in `up'
/Users/the-teacher/.rvm/gems/ruby-2.4.2@eastflower.ru/gems/activerecord-4.2.10/lib/active_record/migration.rb:801:in `migrate'
/Users/the-teacher/.rvm/gems/ruby-2.4.2@eastflower.ru/gems/activerecord-4.2.10/lib/active_record/tasks/database_tasks.rb:139:in `migrate'
/Users/the-teacher/.rvm/gems/ruby-2.4.2@eastflower.ru/gems/activerecord-4.2.10/lib/active_record/railties/databases.rake:44:in `block (2 levels) in <top (required)>'
/Users/the-teacher/.rvm/gems/ruby-2.4.2@eastflower.ru/gems/rake-12.3.1/exe/rake:27:in `<top (required)>'
/Users/the-teacher/.rvm/gems/ruby-2.4.2@eastflower.ru/bin/ruby_executable_hooks:15:in `eval'
/Users/the-teacher/.rvm/gems/ruby-2.4.2@eastflower.ru/bin/ruby_executable_hooks:15:in `<main>'

Caused by:
ActiveRecord::StatementInvalid: PG::UndefinedTable: ERROR:  relation "pages" does not exist
LINE 5:                WHERE a.attrelid = '"pages"'::regclass
                                          ^
:               SELECT a.attname, format_type(a.atttypid, a.atttypmod),
                     pg_get_expr(d.adbin, d.adrelid), a.attnotnull, a.atttypid, a.atttypmod
                FROM pg_attribute a LEFT JOIN pg_attrdef d
                  ON a.attrelid = d.adrelid AND a.attnum = d.adnum
               WHERE a.attrelid = '"pages"'::regclass
                 AND a.attnum > 0 AND NOT a.attisdropped
               ORDER BY a.attnum
/Users/the-teacher/.rvm/gems/ruby-2.4.2@eastflower.ru/gems/activerecord-4.2.10/lib/active_record/connection_adapters/postgresql_adapter.rb:592:in `async_exec'
/Users/the-teacher/.rvm/gems/ruby-2.4.2@eastflower.ru/gems/activerecord-4.2.10/lib/active_record/connection_adapters/postgresql_adapter.rb:592:in `block in exec_no_cache'
/Users/the-teacher/.rvm/gems/ruby-2.4.2@eastflower.ru/gems/activerecord-4.2.10/lib/active_record/connection_adapters/abstract_adapter.rb:484:in `block in log'
/Users/the-teacher/.rvm/gems/ruby-2.4.2@eastflower.ru/gems/activesupport-4.2.10/lib/active_support/notifications/instrumenter.rb:20:in `instrument'
/Users/the-teacher/.rvm/gems/ruby-2.4.2@eastflower.ru/gems/activerecord-4.2.10/lib/active_record/connection_adapters/abstract_adapter.rb:478:in `log'
/Users/the-teacher/.rvm/gems/ruby-2.4.2@eastflower.ru/gems/activerecord-4.2.10/lib/active_record/connection_adapters/postgresql_adapter.rb:592:in `exec_no_cache'
/Users/the-teacher/.rvm/gems/ruby-2.4.2@eastflower.ru/gems/activerecord-4.2.10/lib/active_record/connection_adapters/postgresql_adapter.rb:584:in `execute_and_clear'
/Users/the-teacher/.rvm/gems/ruby-2.4.2@eastflower.ru/gems/activerecord-4.2.10/lib/active_record/connection_adapters/postgresql/database_statements.rb:160:in `exec_query'
/Users/the-teacher/.rvm/gems/ruby-2.4.2@eastflower.ru/gems/activerecord-4.2.10/lib/active_record/connection_adapters/postgresql_adapter.rb:733:in `column_definitions'
/Users/the-teacher/.rvm/gems/ruby-2.4.2@eastflower.ru/gems/activerecord-4.2.10/lib/active_record/connection_adapters/postgresql/schema_statements.rb:197:in `columns'
/Users/the-teacher/.rvm/gems/ruby-2.4.2@eastflower.ru/gems/activerecord-4.2.10/lib/active_record/connection_adapters/schema_cache.rb:43:in `columns'
/Users/the-teacher/.rvm/gems/ruby-2.4.2@eastflower.ru/gems/activerecord-4.2.10/lib/active_record/attributes.rb:93:in `columns'
/Users/the-teacher/.rvm/gems/ruby-2.4.2@eastflower.ru/gems/activerecord-4.2.10/lib/active_record/model_schema.rb:260:in `column_names'
/Users/the-teacher/.rvm/gems/ruby-2.4.2@eastflower.ru/gems/thinking-sphinx-3.4.2/lib/thinking_sphinx/active_record/sql_source/template.rb:43:in `inheriting?'
/Users/the-teacher/.rvm/gems/ruby-2.4.2@eastflower.ru/gems/thinking-sphinx-3.4.2/lib/thinking_sphinx/active_record/sql_source/template.rb:33:in `class_column'
/Users/the-teacher/.rvm/gems/ruby-2.4.2@eastflower.ru/gems/thinking-sphinx-3.4.2/lib/thinking_sphinx/active_record/sql_source/template.rb:9:in `apply'
/Users/the-teacher/.rvm/gems/ruby-2.4.2@eastflower.ru/gems/thinking-sphinx-3.4.2/lib/thinking_sphinx/active_record/sql_source.rb:27:in `initialize'
/Users/the-teacher/.rvm/gems/ruby-2.4.2@eastflower.ru/gems/thinking-sphinx-3.4.2/lib/thinking_sphinx/active_record/index.rb:8:in `new'
/Users/the-teacher/.rvm/gems/ruby-2.4.2@eastflower.ru/gems/thinking-sphinx-3.4.2/lib/thinking_sphinx/active_record/index.rb:8:in `append_source'
/Users/the-teacher/.rvm/gems/ruby-2.4.2@eastflower.ru/gems/thinking-sphinx-3.4.2/lib/thinking_sphinx/active_record/interpreter.rb:64:in `__source'
/Users/the-teacher/.rvm/gems/ruby-2.4.2@eastflower.ru/gems/thinking-sphinx-3.4.2/lib/thinking_sphinx/active_record/interpreter.rb:20:in `indexes'
/Volumes/Data/my/eastflower-2018/eastflower_ru/X_GEMS/RAILS_BLOG/app/indices/page_index.rb:2:in `block in <top (required)>'
/Users/the-teacher/.rvm/gems/ruby-2.4.2@eastflower.ru/gems/thinking-sphinx-3.4.2/lib/thinking_sphinx/core/interpreter.rb:3:in `translate!'
/Users/the-teacher/.rvm/gems/ruby-2.4.2@eastflower.ru/gems/thinking-sphinx-3.4.2/lib/thinking_sphinx/core/index.rb:44:in `interpret_definition!'
/Users/the-teacher/.rvm/gems/ruby-2.4.2@eastflower.ru/gems/thinking-sphinx-3.4.2/lib/thinking_sphinx/active_record/index.rb:36:in `sources'
/Users/the-teacher/.rvm/gems/ruby-2.4.2@eastflower.ru/gems/thinking-sphinx-3.4.2/lib/thinking_sphinx/configuration/consistent_ids.rb:31:in `collect'
/Users/the-teacher/.rvm/gems/ruby-2.4.2@eastflower.ru/gems/thinking-sphinx-3.4.2/lib/thinking_sphinx/configuration/consistent_ids.rb:31:in `sources'
/Users/the-teacher/.rvm/gems/ruby-2.4.2@eastflower.ru/gems/thinking-sphinx-3.4.2/lib/thinking_sphinx/configuration/consistent_ids.rb:19:in `attributes'
/Users/the-teacher/.rvm/gems/ruby-2.4.2@eastflower.ru/gems/thinking-sphinx-3.4.2/lib/thinking_sphinx/configuration/consistent_ids.rb:23:in `sphinx_internal_ids'
/Users/the-teacher/.rvm/gems/ruby-2.4.2@eastflower.ru/gems/thinking-sphinx-3.4.2/lib/thinking_sphinx/configuration/consistent_ids.rb:7:in `reconcile'
/Users/the-teacher/.rvm/gems/ruby-2.4.2@eastflower.ru/gems/thinking-sphinx-3.4.2/lib/thinking_sphinx/configuration.rb:174:in `normalise'
/Users/the-teacher/.rvm/gems/ruby-2.4.2@eastflower.ru/gems/thinking-sphinx-3.4.2/lib/thinking_sphinx/configuration.rb:87:in `block in preload_indices'
/Users/the-teacher/.rvm/gems/ruby-2.4.2@eastflower.ru/gems/thinking-sphinx-3.4.2/lib/thinking_sphinx/configuration.rb:78:in `synchronize'
/Users/the-teacher/.rvm/gems/ruby-2.4.2@eastflower.ru/gems/thinking-sphinx-3.4.2/lib/thinking_sphinx/configuration.rb:78:in `preload_indices'
/Users/the-teacher/.rvm/gems/ruby-2.4.2@eastflower.ru/gems/thinking-sphinx-3.4.2/lib/thinking_sphinx/index_set.rb:30:in `all_indices'
/Users/the-teacher/.rvm/gems/ruby-2.4.2@eastflower.ru/gems/thinking-sphinx-3.4.2/lib/thinking_sphinx/index_set.rb:66:in `indices_for_references'
/Users/the-teacher/.rvm/gems/ruby-2.4.2@eastflower.ru/gems/thinking-sphinx-3.4.2/lib/thinking_sphinx/index_set.rb:61:in `indices'
/Users/the-teacher/.rvm/gems/ruby-2.4.2@eastflower.ru/gems/thinking-sphinx-3.4.2/lib/thinking_sphinx/index_set.rb:9:in `each'
/Users/the-teacher/.rvm/gems/ruby-2.4.2@eastflower.ru/gems/thinking-sphinx-3.4.2/lib/thinking_sphinx/active_record/callbacks/delta_callbacks.rb:36:in `select'
/Users/the-teacher/.rvm/gems/ruby-2.4.2@eastflower.ru/gems/thinking-sphinx-3.4.2/lib/thinking_sphinx/active_record/callbacks/delta_callbacks.rb:36:in `delta_indices'
/Users/the-teacher/.rvm/gems/ruby-2.4.2@eastflower.ru/gems/thinking-sphinx-3.4.2/lib/thinking_sphinx/active_record/callbacks/delta_callbacks.rb:40:in `delta_indices?'
/Users/the-teacher/.rvm/gems/ruby-2.4.2@eastflower.ru/gems/thinking-sphinx-3.4.2/lib/thinking_sphinx/active_record/callbacks/delta_callbacks.rb:19:in `before_save'
/Users/the-teacher/.rvm/gems/ruby-2.4.2@eastflower.ru/gems/thinking-sphinx-3.4.2/lib/thinking_sphinx/callbacks.rb:7:in `block (2 levels) in callbacks'
/Users/the-teacher/.rvm/gems/ruby-2.4.2@eastflower.ru/gems/activesupport-4.2.10/lib/active_support/callbacks.rb:455:in `public_send'
/Users/the-teacher/.rvm/gems/ruby-2.4.2@eastflower.ru/gems/activesupport-4.2.10/lib/active_support/callbacks.rb:455:in `block in make_lambda'
/Users/the-teacher/.rvm/gems/ruby-2.4.2@eastflower.ru/gems/activesupport-4.2.10/lib/active_support/callbacks.rb:164:in `block in halting'
/Users/the-teacher/.rvm/gems/ruby-2.4.2@eastflower.ru/gems/activesupport-4.2.10/lib/active_support/callbacks.rb:504:in `block in call'
/Users/the-teacher/.rvm/gems/ruby-2.4.2@eastflower.ru/gems/activesupport-4.2.10/lib/active_support/callbacks.rb:504:in `each'
/Users/the-teacher/.rvm/gems/ruby-2.4.2@eastflower.ru/gems/activesupport-4.2.10/lib/active_support/callbacks.rb:504:in `call'
/Users/the-teacher/.rvm/gems/ruby-2.4.2@eastflower.ru/gems/activesupport-4.2.10/lib/active_support/callbacks.rb:92:in `__run_callbacks__'
/Users/the-teacher/.rvm/gems/ruby-2.4.2@eastflower.ru/gems/activesupport-4.2.10/lib/active_support/callbacks.rb:778:in `_run_save_callbacks'
/Users/the-teacher/.rvm/gems/ruby-2.4.2@eastflower.ru/gems/activerecord-4.2.10/lib/active_record/callbacks.rb:302:in `create_or_update'
/Users/the-teacher/.rvm/gems/ruby-2.4.2@eastflower.ru/gems/activerecord-4.2.10/lib/active_record/persistence.rb:142:in `save!'
/Users/the-teacher/.rvm/gems/ruby-2.4.2@eastflower.ru/gems/activerecord-4.2.10/lib/active_record/validations.rb:43:in `save!'
/Users/the-teacher/.rvm/gems/ruby-2.4.2@eastflower.ru/gems/activerecord-4.2.10/lib/active_record/attribute_methods/dirty.rb:29:in `save!'
/Users/the-teacher/.rvm/gems/ruby-2.4.2@eastflower.ru/gems/activerecord-4.2.10/lib/active_record/transactions.rb:291:in `block in save!'
/Users/the-teacher/.rvm/gems/ruby-2.4.2@eastflower.ru/gems/activerecord-4.2.10/lib/active_record/transactions.rb:351:in `block in with_transaction_returning_status'
/Users/the-teacher/.rvm/gems/ruby-2.4.2@eastflower.ru/gems/activerecord-4.2.10/lib/active_record/connection_adapters/abstract/database_statements.rb:211:in `transaction'
/Users/the-teacher/.rvm/gems/ruby-2.4.2@eastflower.ru/gems/activerecord-4.2.10/lib/active_record/transactions.rb:220:in `transaction'
/Users/the-teacher/.rvm/gems/ruby-2.4.2@eastflower.ru/gems/activerecord-4.2.10/lib/active_record/transactions.rb:348:in `with_transaction_returning_status'
/Users/the-teacher/.rvm/gems/ruby-2.4.2@eastflower.ru/gems/activerecord-4.2.10/lib/active_record/transactions.rb:291:in `save!'
/Users/the-teacher/.rvm/gems/ruby-2.4.2@eastflower.ru/gems/activerecord-4.2.10/lib/active_record/persistence.rb:51:in `create!'
/Users/the-teacher/.rvm/gems/ruby-2.4.2@eastflower.ru/gems/activerecord-4.2.10/lib/active_record/migration.rb:1054:in `record_version_state_after_migrating'
/Users/the-teacher/.rvm/gems/ruby-2.4.2@eastflower.ru/gems/activerecord-4.2.10/lib/active_record/migration.rb:1024:in `block in execute_migration_in_transaction'
/Users/the-teacher/.rvm/gems/ruby-2.4.2@eastflower.ru/gems/activerecord-4.2.10/lib/active_record/migration.rb:1069:in `block in ddl_transaction'
/Users/the-teacher/.rvm/gems/ruby-2.4.2@eastflower.ru/gems/activerecord-4.2.10/lib/active_record/connection_adapters/abstract/database_statements.rb:213:in `block in transaction'
/Users/the-teacher/.rvm/gems/ruby-2.4.2@eastflower.ru/gems/activerecord-4.2.10/lib/active_record/connection_adapters/abstract/transaction.rb:184:in `within_new_transaction'
/Users/the-teacher/.rvm/gems/ruby-2.4.2@eastflower.ru/gems/activerecord-4.2.10/lib/active_record/connection_adapters/abstract/database_statements.rb:213:in `transaction'
/Users/the-teacher/.rvm/gems/ruby-2.4.2@eastflower.ru/gems/activerecord-4.2.10/lib/active_record/transactions.rb:220:in `transaction'
/Users/the-teacher/.rvm/gems/ruby-2.4.2@eastflower.ru/gems/activerecord-4.2.10/lib/active_record/migration.rb:1069:in `ddl_transaction'
/Users/the-teacher/.rvm/gems/ruby-2.4.2@eastflower.ru/gems/activerecord-4.2.10/lib/active_record/migration.rb:1022:in `execute_migration_in_transaction'
/Users/the-teacher/.rvm/gems/ruby-2.4.2@eastflower.ru/gems/activerecord-4.2.10/lib/active_record/migration.rb:984:in `block in migrate'
/Users/the-teacher/.rvm/gems/ruby-2.4.2@eastflower.ru/gems/activerecord-4.2.10/lib/active_record/migration.rb:980:in `each'
/Users/the-teacher/.rvm/gems/ruby-2.4.2@eastflower.ru/gems/activerecord-4.2.10/lib/active_record/migration.rb:980:in `migrate'
/Users/the-teacher/.rvm/gems/ruby-2.4.2@eastflower.ru/gems/activerecord-4.2.10/lib/active_record/migration.rb:823:in `up'
/Users/the-teacher/.rvm/gems/ruby-2.4.2@eastflower.ru/gems/activerecord-4.2.10/lib/active_record/migration.rb:801:in `migrate'
/Users/the-teacher/.rvm/gems/ruby-2.4.2@eastflower.ru/gems/activerecord-4.2.10/lib/active_record/tasks/database_tasks.rb:139:in `migrate'
/Users/the-teacher/.rvm/gems/ruby-2.4.2@eastflower.ru/gems/activerecord-4.2.10/lib/active_record/railties/databases.rake:44:in `block (2 levels) in <top (required)>'
/Users/the-teacher/.rvm/gems/ruby-2.4.2@eastflower.ru/gems/rake-12.3.1/exe/rake:27:in `<top (required)>'
/Users/the-teacher/.rvm/gems/ruby-2.4.2@eastflower.ru/bin/ruby_executable_hooks:15:in `eval'
/Users/the-teacher/.rvm/gems/ruby-2.4.2@eastflower.ru/bin/ruby_executable_hooks:15:in `<main>'

Caused by:
PG::UndefinedTable: ERROR:  relation "pages" does not exist
LINE 5:                WHERE a.attrelid = '"pages"'::regclass
                                          ^
/Users/the-teacher/.rvm/gems/ruby-2.4.2@eastflower.ru/gems/activerecord-4.2.10/lib/active_record/connection_adapters/postgresql_adapter.rb:592:in `async_exec'
/Users/the-teacher/.rvm/gems/ruby-2.4.2@eastflower.ru/gems/activerecord-4.2.10/lib/active_record/connection_adapters/postgresql_adapter.rb:592:in `block in exec_no_cache'
/Users/the-teacher/.rvm/gems/ruby-2.4.2@eastflower.ru/gems/activerecord-4.2.10/lib/active_record/connection_adapters/abstract_adapter.rb:484:in `block in log'
/Users/the-teacher/.rvm/gems/ruby-2.4.2@eastflower.ru/gems/activesupport-4.2.10/lib/active_support/notifications/instrumenter.rb:20:in `instrument'
/Users/the-teacher/.rvm/gems/ruby-2.4.2@eastflower.ru/gems/activerecord-4.2.10/lib/active_record/connection_adapters/abstract_adapter.rb:478:in `log'
/Users/the-teacher/.rvm/gems/ruby-2.4.2@eastflower.ru/gems/activerecord-4.2.10/lib/active_record/connection_adapters/postgresql_adapter.rb:592:in `exec_no_cache'
/Users/the-teacher/.rvm/gems/ruby-2.4.2@eastflower.ru/gems/activerecord-4.2.10/lib/active_record/connection_adapters/postgresql_adapter.rb:584:in `execute_and_clear'
/Users/the-teacher/.rvm/gems/ruby-2.4.2@eastflower.ru/gems/activerecord-4.2.10/lib/active_record/connection_adapters/postgresql/database_statements.rb:160:in `exec_query'
/Users/the-teacher/.rvm/gems/ruby-2.4.2@eastflower.ru/gems/activerecord-4.2.10/lib/active_record/connection_adapters/postgresql_adapter.rb:733:in `column_definitions'
/Users/the-teacher/.rvm/gems/ruby-2.4.2@eastflower.ru/gems/activerecord-4.2.10/lib/active_record/connection_adapters/postgresql/schema_statements.rb:197:in `columns'
/Users/the-teacher/.rvm/gems/ruby-2.4.2@eastflower.ru/gems/activerecord-4.2.10/lib/active_record/connection_adapters/schema_cache.rb:43:in `columns'
/Users/the-teacher/.rvm/gems/ruby-2.4.2@eastflower.ru/gems/activerecord-4.2.10/lib/active_record/attributes.rb:93:in `columns'
/Users/the-teacher/.rvm/gems/ruby-2.4.2@eastflower.ru/gems/activerecord-4.2.10/lib/active_record/model_schema.rb:260:in `column_names'
/Users/the-teacher/.rvm/gems/ruby-2.4.2@eastflower.ru/gems/thinking-sphinx-3.4.2/lib/thinking_sphinx/active_record/sql_source/template.rb:43:in `inheriting?'
/Users/the-teacher/.rvm/gems/ruby-2.4.2@eastflower.ru/gems/thinking-sphinx-3.4.2/lib/thinking_sphinx/active_record/sql_source/template.rb:33:in `class_column'
/Users/the-teacher/.rvm/gems/ruby-2.4.2@eastflower.ru/gems/thinking-sphinx-3.4.2/lib/thinking_sphinx/active_record/sql_source/template.rb:9:in `apply'
/Users/the-teacher/.rvm/gems/ruby-2.4.2@eastflower.ru/gems/thinking-sphinx-3.4.2/lib/thinking_sphinx/active_record/sql_source.rb:27:in `initialize'
/Users/the-teacher/.rvm/gems/ruby-2.4.2@eastflower.ru/gems/thinking-sphinx-3.4.2/lib/thinking_sphinx/active_record/index.rb:8:in `new'
/Users/the-teacher/.rvm/gems/ruby-2.4.2@eastflower.ru/gems/thinking-sphinx-3.4.2/lib/thinking_sphinx/active_record/index.rb:8:in `append_source'
/Users/the-teacher/.rvm/gems/ruby-2.4.2@eastflower.ru/gems/thinking-sphinx-3.4.2/lib/thinking_sphinx/active_record/interpreter.rb:64:in `__source'
/Users/the-teacher/.rvm/gems/ruby-2.4.2@eastflower.ru/gems/thinking-sphinx-3.4.2/lib/thinking_sphinx/active_record/interpreter.rb:20:in `indexes'
/Volumes/Data/my/eastflower-2018/eastflower_ru/X_GEMS/RAILS_BLOG/app/indices/page_index.rb:2:in `block in <top (required)>'
/Users/the-teacher/.rvm/gems/ruby-2.4.2@eastflower.ru/gems/thinking-sphinx-3.4.2/lib/thinking_sphinx/core/interpreter.rb:3:in `translate!'
/Users/the-teacher/.rvm/gems/ruby-2.4.2@eastflower.ru/gems/thinking-sphinx-3.4.2/lib/thinking_sphinx/core/index.rb:44:in `interpret_definition!'
/Users/the-teacher/.rvm/gems/ruby-2.4.2@eastflower.ru/gems/thinking-sphinx-3.4.2/lib/thinking_sphinx/active_record/index.rb:36:in `sources'
/Users/the-teacher/.rvm/gems/ruby-2.4.2@eastflower.ru/gems/thinking-sphinx-3.4.2/lib/thinking_sphinx/configuration/consistent_ids.rb:31:in `collect'
/Users/the-teacher/.rvm/gems/ruby-2.4.2@eastflower.ru/gems/thinking-sphinx-3.4.2/lib/thinking_sphinx/configuration/consistent_ids.rb:31:in `sources'
/Users/the-teacher/.rvm/gems/ruby-2.4.2@eastflower.ru/gems/thinking-sphinx-3.4.2/lib/thinking_sphinx/configuration/consistent_ids.rb:19:in `attributes'
/Users/the-teacher/.rvm/gems/ruby-2.4.2@eastflower.ru/gems/thinking-sphinx-3.4.2/lib/thinking_sphinx/configuration/consistent_ids.rb:23:in `sphinx_internal_ids'
/Users/the-teacher/.rvm/gems/ruby-2.4.2@eastflower.ru/gems/thinking-sphinx-3.4.2/lib/thinking_sphinx/configuration/consistent_ids.rb:7:in `reconcile'
/Users/the-teacher/.rvm/gems/ruby-2.4.2@eastflower.ru/gems/thinking-sphinx-3.4.2/lib/thinking_sphinx/configuration.rb:174:in `normalise'
/Users/the-teacher/.rvm/gems/ruby-2.4.2@eastflower.ru/gems/thinking-sphinx-3.4.2/lib/thinking_sphinx/configuration.rb:87:in `block in preload_indices'
/Users/the-teacher/.rvm/gems/ruby-2.4.2@eastflower.ru/gems/thinking-sphinx-3.4.2/lib/thinking_sphinx/configuration.rb:78:in `synchronize'
/Users/the-teacher/.rvm/gems/ruby-2.4.2@eastflower.ru/gems/thinking-sphinx-3.4.2/lib/thinking_sphinx/configuration.rb:78:in `preload_indices'
/Users/the-teacher/.rvm/gems/ruby-2.4.2@eastflower.ru/gems/thinking-sphinx-3.4.2/lib/thinking_sphinx/index_set.rb:30:in `all_indices'
/Users/the-teacher/.rvm/gems/ruby-2.4.2@eastflower.ru/gems/thinking-sphinx-3.4.2/lib/thinking_sphinx/index_set.rb:66:in `indices_for_references'
/Users/the-teacher/.rvm/gems/ruby-2.4.2@eastflower.ru/gems/thinking-sphinx-3.4.2/lib/thinking_sphinx/index_set.rb:61:in `indices'
/Users/the-teacher/.rvm/gems/ruby-2.4.2@eastflower.ru/gems/thinking-sphinx-3.4.2/lib/thinking_sphinx/index_set.rb:9:in `each'
/Users/the-teacher/.rvm/gems/ruby-2.4.2@eastflower.ru/gems/thinking-sphinx-3.4.2/lib/thinking_sphinx/active_record/callbacks/delta_callbacks.rb:36:in `select'
/Users/the-teacher/.rvm/gems/ruby-2.4.2@eastflower.ru/gems/thinking-sphinx-3.4.2/lib/thinking_sphinx/active_record/callbacks/delta_callbacks.rb:36:in `delta_indices'
/Users/the-teacher/.rvm/gems/ruby-2.4.2@eastflower.ru/gems/thinking-sphinx-3.4.2/lib/thinking_sphinx/active_record/callbacks/delta_callbacks.rb:40:in `delta_indices?'
/Users/the-teacher/.rvm/gems/ruby-2.4.2@eastflower.ru/gems/thinking-sphinx-3.4.2/lib/thinking_sphinx/active_record/callbacks/delta_callbacks.rb:19:in `before_save'
/Users/the-teacher/.rvm/gems/ruby-2.4.2@eastflower.ru/gems/thinking-sphinx-3.4.2/lib/thinking_sphinx/callbacks.rb:7:in `block (2 levels) in callbacks'
/Users/the-teacher/.rvm/gems/ruby-2.4.2@eastflower.ru/gems/activesupport-4.2.10/lib/active_support/callbacks.rb:455:in `public_send'
/Users/the-teacher/.rvm/gems/ruby-2.4.2@eastflower.ru/gems/activesupport-4.2.10/lib/active_support/callbacks.rb:455:in `block in make_lambda'
/Users/the-teacher/.rvm/gems/ruby-2.4.2@eastflower.ru/gems/activesupport-4.2.10/lib/active_support/callbacks.rb:164:in `block in halting'
/Users/the-teacher/.rvm/gems/ruby-2.4.2@eastflower.ru/gems/activesupport-4.2.10/lib/active_support/callbacks.rb:504:in `block in call'
/Users/the-teacher/.rvm/gems/ruby-2.4.2@eastflower.ru/gems/activesupport-4.2.10/lib/active_support/callbacks.rb:504:in `each'
/Users/the-teacher/.rvm/gems/ruby-2.4.2@eastflower.ru/gems/activesupport-4.2.10/lib/active_support/callbacks.rb:504:in `call'
/Users/the-teacher/.rvm/gems/ruby-2.4.2@eastflower.ru/gems/activesupport-4.2.10/lib/active_support/callbacks.rb:92:in `__run_callbacks__'
/Users/the-teacher/.rvm/gems/ruby-2.4.2@eastflower.ru/gems/activesupport-4.2.10/lib/active_support/callbacks.rb:778:in `_run_save_callbacks'
/Users/the-teacher/.rvm/gems/ruby-2.4.2@eastflower.ru/gems/activerecord-4.2.10/lib/active_record/callbacks.rb:302:in `create_or_update'
/Users/the-teacher/.rvm/gems/ruby-2.4.2@eastflower.ru/gems/activerecord-4.2.10/lib/active_record/persistence.rb:142:in `save!'
/Users/the-teacher/.rvm/gems/ruby-2.4.2@eastflower.ru/gems/activerecord-4.2.10/lib/active_record/validations.rb:43:in `save!'
/Users/the-teacher/.rvm/gems/ruby-2.4.2@eastflower.ru/gems/activerecord-4.2.10/lib/active_record/attribute_methods/dirty.rb:29:in `save!'
/Users/the-teacher/.rvm/gems/ruby-2.4.2@eastflower.ru/gems/activerecord-4.2.10/lib/active_record/transactions.rb:291:in `block in save!'
/Users/the-teacher/.rvm/gems/ruby-2.4.2@eastflower.ru/gems/activerecord-4.2.10/lib/active_record/transactions.rb:351:in `block in with_transaction_returning_status'
/Users/the-teacher/.rvm/gems/ruby-2.4.2@eastflower.ru/gems/activerecord-4.2.10/lib/active_record/connection_adapters/abstract/database_statements.rb:211:in `transaction'
/Users/the-teacher/.rvm/gems/ruby-2.4.2@eastflower.ru/gems/activerecord-4.2.10/lib/active_record/transactions.rb:220:in `transaction'
/Users/the-teacher/.rvm/gems/ruby-2.4.2@eastflower.ru/gems/activerecord-4.2.10/lib/active_record/transactions.rb:348:in `with_transaction_returning_status'
/Users/the-teacher/.rvm/gems/ruby-2.4.2@eastflower.ru/gems/activerecord-4.2.10/lib/active_record/transactions.rb:291:in `save!'
/Users/the-teacher/.rvm/gems/ruby-2.4.2@eastflower.ru/gems/activerecord-4.2.10/lib/active_record/persistence.rb:51:in `create!'
/Users/the-teacher/.rvm/gems/ruby-2.4.2@eastflower.ru/gems/activerecord-4.2.10/lib/active_record/migration.rb:1054:in `record_version_state_after_migrating'
/Users/the-teacher/.rvm/gems/ruby-2.4.2@eastflower.ru/gems/activerecord-4.2.10/lib/active_record/migration.rb:1024:in `block in execute_migration_in_transaction'
/Users/the-teacher/.rvm/gems/ruby-2.4.2@eastflower.ru/gems/activerecord-4.2.10/lib/active_record/migration.rb:1069:in `block in ddl_transaction'
/Users/the-teacher/.rvm/gems/ruby-2.4.2@eastflower.ru/gems/activerecord-4.2.10/lib/active_record/connection_adapters/abstract/database_statements.rb:213:in `block in transaction'
/Users/the-teacher/.rvm/gems/ruby-2.4.2@eastflower.ru/gems/activerecord-4.2.10/lib/active_record/connection_adapters/abstract/transaction.rb:184:in `within_new_transaction'
/Users/the-teacher/.rvm/gems/ruby-2.4.2@eastflower.ru/gems/activerecord-4.2.10/lib/active_record/connection_adapters/abstract/database_statements.rb:213:in `transaction'
/Users/the-teacher/.rvm/gems/ruby-2.4.2@eastflower.ru/gems/activerecord-4.2.10/lib/active_record/transactions.rb:220:in `transaction'
/Users/the-teacher/.rvm/gems/ruby-2.4.2@eastflower.ru/gems/activerecord-4.2.10/lib/active_record/migration.rb:1069:in `ddl_transaction'
/Users/the-teacher/.rvm/gems/ruby-2.4.2@eastflower.ru/gems/activerecord-4.2.10/lib/active_record/migration.rb:1022:in `execute_migration_in_transaction'
/Users/the-teacher/.rvm/gems/ruby-2.4.2@eastflower.ru/gems/activerecord-4.2.10/lib/active_record/migration.rb:984:in `block in migrate'
/Users/the-teacher/.rvm/gems/ruby-2.4.2@eastflower.ru/gems/activerecord-4.2.10/lib/active_record/migration.rb:980:in `each'
/Users/the-teacher/.rvm/gems/ruby-2.4.2@eastflower.ru/gems/activerecord-4.2.10/lib/active_record/migration.rb:980:in `migrate'
/Users/the-teacher/.rvm/gems/ruby-2.4.2@eastflower.ru/gems/activerecord-4.2.10/lib/active_record/migration.rb:823:in `up'
/Users/the-teacher/.rvm/gems/ruby-2.4.2@eastflower.ru/gems/activerecord-4.2.10/lib/active_record/migration.rb:801:in `migrate'
/Users/the-teacher/.rvm/gems/ruby-2.4.2@eastflower.ru/gems/activerecord-4.2.10/lib/active_record/tasks/database_tasks.rb:139:in `migrate'
/Users/the-teacher/.rvm/gems/ruby-2.4.2@eastflower.ru/gems/activerecord-4.2.10/lib/active_record/railties/databases.rake:44:in `block (2 levels) in <top (required)>'
/Users/the-teacher/.rvm/gems/ruby-2.4.2@eastflower.ru/gems/rake-12.3.1/exe/rake:27:in `<top (required)>'
/Users/the-teacher/.rvm/gems/ruby-2.4.2@eastflower.ru/bin/ruby_executable_hooks:15:in `eval'
/Users/the-teacher/.rvm/gems/ruby-2.4.2@eastflower.ru/bin/ruby_executable_hooks:15:in `<main>'
Tasks: TOP => db:migrate
(See full trace by running task with --trace)
